#:C49    
#Xilinx FPGA Editor Command Log File
#Editor Version:
#:V   NT M2.1 P.20131013
#Current Working Directory:
#:D   C:\Users\rdavi\Downloads\ringpuf_student
#Date/Time:
#:T   Fri May 03 21:45:12 2019
#------------------------------
	#Reading ringoscillator.ncd...
	#Loading device for application Rf_Device from file '5vlx110t.nph' in environment D:\programs\xilinxprogram\14.7\ISE_DS\ISE\.
	#   "ringoscillator" is an NCD, version 3.2, device xc5vlx110t, package ff1136, speed -1
	#Design creation date: 2019.05.04.01.44.29
	#Building chip graphics...
	#Loading speed info...
	#1
setattr main edit-mode no-logic-changes
	#2
post attr main
	#Getting available speed grades of the device...
	#3
setattr main edit-mode Read-Write
	#4
setattr main case_sensitive off
	#5
setattr main case_sensitive off
	#6
unpost main
	#7
select -k comp 'dffout'
	#8
delete
	#9
select -k comp 'enable'
	#10
delete
	#WARNING:FPGAEditor:170 - Net "enable_IBUF" now has no driver pin.
	#11
select -k comp 'reset'
	#12
delete
	#WARNING:FPGAEditor:170 - Net "reset_IBUF" now has no driver pin.
	#13
post saveas
	#14
unpost saveas
	#15
echo "save -w hm "ringoscillator.nmc""
	#16
save -w hm "ringoscillator.nmc"
	#17
post saveas
	#18
unpost macsave
	#19
unselect -all
	#20
select pin 'SLICE_X46Y98.B5'
	#site.pin = SLICE_X46Y98.B5, comp.pin = in1.B5, delay = ~0.000ns on net "enable_IBUF"
	#21
unselect -all
	#22
select wire 'INPUT(-19720,59896)'
	#node = INPUT(-19720,59896)
	#23
unselect -all
	#24
select pin 'SLICE_X46Y98.B5'
	#site.pin = SLICE_X46Y98.B5, comp.pin = in1.B5, delay = ~0.000ns on net "enable_IBUF"
	#25
add extpin
	#26
post attr pin SLICE_X46Y98.B5
	#27
setattr pin SLICE_X46Y98.B5  external_name enable
	#28
unpost pin "SLICE_X46Y98.B5"
	#29
unselect -all
	#30
select wire 'INPUT(-19720,60016)'
	#node = INPUT(-19720,60016)
	#31
unselect -all
	#32
select pin 'SLICE_X47Y98.SR'
	#site.pin = SLICE_X47Y98.SR, comp.pin = dffout_OBUF.SR, delay = ~0.000ns on net "reset_IBUF"
	#33
add extpin
	#34
post attr pin SLICE_X47Y98.SR
	#35
setattr pin SLICE_X47Y98.SR  external_name reset
	#36
unpost pin "SLICE_X47Y98.SR"
	#37
unselect -all
	#38
unselect -all
	#39
select pin 'SLICE_X47Y98.D'
	#site.pin = SLICE_X47Y98.D
	#40
unselect -all
	#41
select pin 'SLICE_X47Y98.DMUX'
	#site.pin = SLICE_X47Y98.DMUX
	#42
unselect -all
	#43
select pin 'SLICE_X47Y98.DQ'
	#site.pin = SLICE_X47Y98.DQ, comp.pin = dffout_OBUF.DQ, delay = driver on net "dffout_OBUF"
	#44
unselect -all
	#45
select pin 'SLICE_X47Y98.D4'
	#site.pin = SLICE_X47Y98.D4, comp.pin = dffout_OBUF.D4, delay = 0.355ns on net "dffout_OBUF"
	#46
unselect pin 'SLICE_X47Y98.D4'
	#47
select -k net 'dffout_OBUF'
	#48
unselect -all
	#49
select pin 'SLICE_X47Y98.DQ'
	#site.pin = SLICE_X47Y98.DQ, comp.pin = dffout_OBUF.DQ, delay = driver on net "dffout_OBUF"
	#50
add extpin
	#51
post attr pin SLICE_X47Y98.DQ
	#52
setattr pin SLICE_X47Y98.DQ  external_name dffout
	#53
unpost pin "SLICE_X47Y98.DQ"
	#54
unselect -all
	#55
select wire 'OUTPUT(-19560,60512)'
	#node = OUTPUT(-19560,60512)
	#56
save
	#57
save
