#:C49    
#Xilinx FPGA Editor Command Log File
#Editor Version:
#:V   NT M2.1 P.20131013
#Current Working Directory:
#:D   C:\Users\DanRW\Downloads\ringpuf_student
#Date/Time:
#:T   Sun Mar 24 05:13:44 2019
#------------------------------
	#Reading ro.ncd...
	#Loading device for application Rf_Device from file '5vlx110t.nph' in environment C:\Xilinx\14.7\ISE_DS\ISE\.
	#   "ro" is an NCD, version 3.2, device xc5vlx110t, package ff1136, speed -1
	#   "ringoscillator" is an NCD, version 3.2, device xc5vlx110t, package ff1136, speed -1
	#Design creation date: 2019.03.24.08.57.40
	#Building chip graphics...
	#Loading speed info...
	#1
setattr main edit-mode no-logic-changes
	#2
select -k comp 'ro2/in11'
	#3
unselect -all
	#4
select hm 'ro1'
	#Hard Macro Inst "ro1", type "ringoscillator", refcomp "ro1/in5"
	#5
unselect -all
	#6
select hm 'ro3'
	#Hard Macro Inst "ro3", type "ringoscillator", refcomp "ro3/in5"
	#7
unselect -all
	#8
select hm 'ro1'
	#Hard Macro Inst "ro1", type "ringoscillator", refcomp "ro1/in5"
	#9
unselect -all
	#10
unselect -all
	#11
unselect -all
	#12
unselect -all
	#13
unselect -all
	#14
unselect -all
	#15
select hm 'ro3'
	#Hard Macro Inst "ro3", type "ringoscillator", refcomp "ro3/in5"
	#16
unselect -all
	#17
unselect -all
	#18
unselect -all
	#19
select hm 'ro2'
	#Hard Macro Inst "ro2", type "ringoscillator", refcomp "ro2/in5"
	#20
unselect -all
	#21
unselect -all
	#22
unselect -all
	#23
select hm 'ro6'
	#Hard Macro Inst "ro6", type "ringoscillator", refcomp "ro6/in5"
	#24
unselect -all
	#25
unselect -all
	#26
select hm 'ro8'
	#Hard Macro Inst "ro8", type "ringoscillator", refcomp "ro8/in5"
	#27
unselect -all
	#28
unselect -all
	#29
select hm 'ro12'
	#Hard Macro Inst "ro12", type "ringoscillator", refcomp "ro12/in5"
	#30
unselect -all
	#31
select hm 'ro13'
	#Hard Macro Inst "ro13", type "ringoscillator", refcomp "ro13/in5"
	#32
unselect -all
	#33
select hm 'ro5'
	#Hard Macro Inst "ro5", type "ringoscillator", refcomp "ro5/in5"
	#34
unselect -all
	#35
select hm 'ro4'
	#Hard Macro Inst "ro4", type "ringoscillator", refcomp "ro4/in5"
	#36
unselect -all
	#37
select hm 'ro7'
	#Hard Macro Inst "ro7", type "ringoscillator", refcomp "ro7/in5"
	#38
unselect -all
	#39
select hm 'ro11'
	#Hard Macro Inst "ro11", type "ringoscillator", refcomp "ro11/in5"
	#40
unselect -all
	#41
select hm 'ro14'
	#Hard Macro Inst "ro14", type "ringoscillator", refcomp "ro14/in5"
	#42
unselect -all
	#43
select hm 'ro15'
	#Hard Macro Inst "ro15", type "ringoscillator", refcomp "ro15/in5"
	#44
unselect -all
	#45
select hm 'ro10'
	#Hard Macro Inst "ro10", type "ringoscillator", refcomp "ro10/in5"
	#46
unselect -all
	#47
select hm 'ro9'
	#Hard Macro Inst "ro9", type "ringoscillator", refcomp "ro9/in5"
	#48
unselect -all
	#49
select hm 'ro16'
	#Hard Macro Inst "ro16", type "ringoscillator", refcomp "ro16/in5"
	#50
unselect -all
	#51
select hm 'ro13'
	#Hard Macro Inst "ro13", type "ringoscillator", refcomp "ro13/in5"
