INFO:sim:172 - Generating IP...
Applying current project options...
Finished applying current project options.
Customizing IP...
Qt: Untested Windows version 6.2 detected!
Release 14.7 - Xilinx CORE Generator IP GUI Launcher P.20131013 (nt64)
Copyright (c) 1995-2013 Xilinx, Inc.  All rights reserved.
Finished Customizing.
Generating IP...
WARNING:sim:89 - A core named <ILA> already exists in the output directory.
   Output products for this core may be overwritten.
Configuring files for ILA root...
Gathering HDL files for ILA root...
Creating XST project for ILA...
Creating XST script file for ILA...
Creating XST instantiation file for ILA...
Running XST for ILA...
XST: HDL Compilation
XST: Design Hierarchy Analysis
XST: HDL Analysis
XST: HDL Synthesis
XST: Advanced HDL Synthesis
XST: Low Level Synthesis
Not generating VHDL wrapper
Generating Verilog wrapper
Skipping VHDL instantiation template for ILA...
Creating ISE instantiation template for ILA...
Finished Generation.
Generating IP instantiation template...
Generating ASY schematic symbol...
INFO:sim:949 - Finished generation of ASY schematic symbol.
Generating SYM schematic symbol for 'ILA'...
Generating metadata file...
Generating ISE project...
XCO file found: ILA.xco
XMDF file found: ILA_xmdf.tcl
Adding C:/Users/rdavi/Downloads/ringpuf_student/ipcore_dir/tmp/_cg/ILA.asy -view
all -origin_type imported
Adding C:/Users/rdavi/Downloads/ringpuf_student/ipcore_dir/tmp/_cg/ILA.ngc -view
all -origin_type created
Checking file
"C:/Users/rdavi/Downloads/ringpuf_student/ipcore_dir/tmp/_cg/ILA.ngc" for
project device match ...
File "C:/Users/rdavi/Downloads/ringpuf_student/ipcore_dir/tmp/_cg/ILA.ngc"
device information matches project device.
Adding C:/Users/rdavi/Downloads/ringpuf_student/ipcore_dir/tmp/_cg/ILA.v -view
all -origin_type created
INFO:HDLCompiler:1845 - Analyzing Verilog file
   "C:/Users/rdavi/Downloads/ringpuf_student/ipcore_dir/tmp/_cg/ILA.v" into
   library work
INFO:ProjectMgmt - Parsing design hierarchy completed successfully.
Adding C:/Users/rdavi/Downloads/ringpuf_student/ipcore_dir/tmp/_cg/ILA.veo -view
all -origin_type imported
INFO:TclTasksC:2116 - The automatic calculation of top has been turned-off.
   Please set the new top explicitly by running the "project set top" command.
   To re-calculate the new top automatically, set the "Auto Implementation Top"
   property to true.
Top level has been set to "/ILA"
Generating README file...
Generating FLIST file...
INFO:sim:948 - Finished FLIST file generation.
Launching README viewer...
Moving files to output directory...
Finished moving files to output directory
Wrote CGP file for project 'ILA'.
